<testsuites name="RATS"><testsuite name="RATS" timestamp="2024-11-21 13:16:57.322342" hostname="helpme2-3" tests="33" errors="30" failures="0" skipped="0"><testcase name="P1/U2/main.c" time="0.003308666666666667" classname="RATS analysis" /><testcase name="P1/U4/main.c" time="0.003308666666666667" classname="RATS analysis" /><testcase name="P2/U1/main" time="0.003308666666666667" classname="RATS analysis" /><testcase name="P2/U1/main.c" time="0.003308666666666667" classname="RATS analysis"><error>Type: srand
Severity: Medium

Security Alert:
Standard random number generators should not be used to generate randomness used for security reasons. For security sensitive randomness a crytographic randomness generator that provides sufficiententropy should be used. 

Location:
- At line 19
</error></testcase><testcase name="P3/U1/main.c" time="0.003308666666666667" classname="RATS analysis" /><testcase name="P3/U2/main.c" time="0.003308666666666667" classname="RATS analysis" /><testcase name="P3/U3/main.c" time="0.003308666666666667" classname="RATS analysis" /><testcase name="P3/U3 Extra version/main.c" time="0.003308666666666667" classname="RATS analysis"><error>Type: scanf
Severity: High

Security Alert:
Check to be sure that the format string passed as argument 2 to this  function call does not come from an untrusted source that could have added  formatting characters that the code is not prepared to handle.  Additionally, the format string could contain `%s' without precision that  could result in a buffer overflow. 

Location:
- At line 24
</error></testcase><testcase name="P4/U1/main.c" time="0.003308666666666667" classname="RATS analysis"><error>Type: scanf
Severity: High

Security Alert:
Check to be sure that the format string passed as argument 2 to this  function call does not come from an untrusted source that could have added  formatting characters that the code is not prepared to handle.  Additionally, the format string could contain `%s' without precision that  could result in a buffer overflow. 

Location:
- At line 25
</error></testcase><testcase name="P4/U2/main.c" time="0.003308666666666667" classname="RATS analysis" /><testcase name="P4/U3.1/main.c" time="0.003308666666666667" classname="RATS analysis"><error>Type: scanf
Severity: High

Security Alert:
Check to be sure that the format string passed as argument 2 to this  function call does not come from an untrusted source that could have added  formatting characters that the code is not prepared to handle.  Additionally, the format string could contain `%s' without precision that  could result in a buffer overflow. 

Location:
- At line 21
</error></testcase><testcase name="P4/U3.2/main.c" time="0.003308666666666667" classname="RATS analysis"><error>Type: scanf
Severity: High

Security Alert:
Check to be sure that the format string passed as argument 2 to this  function call does not come from an untrusted source that could have added  formatting characters that the code is not prepared to handle.  Additionally, the format string could contain `%s' without precision that  could result in a buffer overflow. 

Location:
- At line 20
</error></testcase><testcase name="P5/U1/main.c" time="0.003308666666666667" classname="RATS analysis"><error>Type: scanf
Severity: High

Security Alert:
Check to be sure that the format string passed as argument 2 to this  function call does not come from an untrusted source that could have added  formatting characters that the code is not prepared to handle.  Additionally, the format string could contain `%s' without precision that  could result in a buffer overflow. 

Location:
- At line 23
- At line 26
</error></testcase><testcase name="P5/U2/main.c" time="0.003308666666666667" classname="RATS analysis"><error>Type: scanf
Severity: High

Security Alert:
Check to be sure that the format string passed as argument 2 to this  function call does not come from an untrusted source that could have added  formatting characters that the code is not prepared to handle.  Additionally, the format string could contain `%s' without precision that  could result in a buffer overflow. 

Location:
- At line 22
- At line 25
</error></testcase><testcase name="P5/U3/main.c" time="0.003308666666666667" classname="RATS analysis"><error>Type: scanf
Severity: High

Security Alert:
Check to be sure that the format string passed as argument 2 to this  function call does not come from an untrusted source that could have added  formatting characters that the code is not prepared to handle.  Additionally, the format string could contain `%s' without precision that  could result in a buffer overflow. 

Location:
- At line 25
- At line 28
- At line 31
</error></testcase><testcase name="P6/U2/main.c" time="0.003308666666666667" classname="RATS analysis"><error>Type: realloc
Severity: Medium

Security Alert:
Don't use on memory intended to be secure, because the old structure will not be zeroed out. 

Location:
- At line 27
</error><error>Type: getchar
Severity: Medium

Security Alert:
Check buffer boundaries if calling this function in a loop and make sure you are not in danger of writing past the allocated space. 

Location:
- At line 42
</error></testcase><testcase name="P6/U2 One digit sum of digits/main.c" time="0.003308666666666667" classname="RATS analysis"><error>Type: realloc
Severity: Medium

Security Alert:
Don't use on memory intended to be secure, because the old structure will not be zeroed out. 

Location:
- At line 27
- At line 62
</error><error>Type: getchar
Severity: Medium

Security Alert:
Check buffer boundaries if calling this function in a loop and make sure you are not in danger of writing past the allocated space. 

Location:
- At line 42
</error></testcase><testcase name="P6/U3/main.c" time="0.003308666666666667" classname="RATS analysis"><error>Type: realloc
Severity: Medium

Security Alert:
Don't use on memory intended to be secure, because the old structure will not be zeroed out. 

Location:
- At line 29
</error><error>Type: getchar
Severity: Medium

Security Alert:
Check buffer boundaries if calling this function in a loop and make sure you are not in danger of writing past the allocated space. 

Location:
- At line 44
- At line 72
- At line 79
</error></testcase><testcase name="P6/U4/main.c" time="0.003308666666666667" classname="RATS analysis"><error>Type: srand
Severity: Medium

Security Alert:
Standard random number generators should not be used to generate randomness used for security reasons. For security sensitive randomness a crytographic randomness generator that provides sufficiententropy should be used. 

Location:
- At line 22
</error></testcase><testcase name="P7/U1/main.c" time="0.003308666666666667" classname="RATS analysis" /><testcase name="P7/U2/main.c" time="0.003308666666666667" classname="RATS analysis"><error>Type: scanf
Severity: High

Security Alert:
Check to be sure that the format string passed as argument 2 to this  function call does not come from an untrusted source that could have added  formatting characters that the code is not prepared to handle.  Additionally, the format string could contain `%s' without precision that  could result in a buffer overflow. 

Location:
- At line 24
</error></testcase><testcase name="P7/U3/expect.h" time="0.003308666666666667" classname="RATS analysis" /><testcase name="P7/U3/main.c" time="0.003308666666666667" classname="RATS analysis" /><testcase name="P7/U4/expect.h" time="0.003308666666666667" classname="RATS analysis" /><testcase name="P7/U4/main.c" time="0.003308666666666667" classname="RATS analysis" /><testcase name="P8/U1/main.c" time="0.003308666666666667" classname="RATS analysis"><error>Type: scanf
Severity: High

Security Alert:
Check to be sure that the format string passed as argument 2 to this  function call does not come from an untrusted source that could have added  formatting characters that the code is not prepared to handle.  Additionally, the format string could contain `%s' without precision that  could result in a buffer overflow. 

Location:
- At line 23
- At line 26
</error></testcase><testcase name="P8/U2/main.c" time="0.003308666666666667" classname="RATS analysis"><error>Type: scanf
Severity: High

Security Alert:
Check to be sure that the format string passed as argument 2 to this  function call does not come from an untrusted source that could have added  formatting characters that the code is not prepared to handle.  Additionally, the format string could contain `%s' without precision that  could result in a buffer overflow. 

Location:
- At line 31
- At line 34
- At line 37
</error></testcase><testcase name="P8/U3/main" time="0.003308666666666667" classname="RATS analysis" /><testcase name="P8/U3/main.c" time="0.003308666666666667" classname="RATS analysis" /><testcase name="P9/U1/expect.h" time="0.003308666666666667" classname="RATS analysis" /><testcase name="P9/U1/main.c" time="0.003308666666666667" classname="RATS analysis" /><testcase name="P9/U2/main.c" time="0.003308666666666667" classname="RATS analysis" /><testcase name="P9/U3/main.c" time="0.003308666666666667" classname="RATS analysis"><error>Type: scanf
Severity: High

Security Alert:
Check to be sure that the format string passed as argument 2 to this  function call does not come from an untrusted source that could have added  formatting characters that the code is not prepared to handle.  Additionally, the format string could contain `%s' without precision that  could result in a buffer overflow. 

Location:
- At line 50
</error><error>Type: realloc
Severity: Medium

Security Alert:
Don't use on memory intended to be secure, because the old structure will not be zeroed out. 

Location:
- At line 34
</error></testcase></testsuite></testsuites>